<?xml version="1.0" encoding="UTF-8"?>
<!-- Generated by org.testng.reporters.JUnitReportReporter -->
<testsuite hostname="revenx-Inspiron-3584" failures="0" tests="5" name="demo.AutoLogin" time="19.562" errors="0" timestamp="2024-07-14T12:43:57 IST" skipped="0">
  <testcase classname="demo.AutoLogin" name="login" time="2.400"/>
  <system-out/>
  <testcase classname="demo.AutoLogin" name="addproduct" time="6.392"/>
  <system-out/>
  <testcase classname="demo.AutoLogin" name="confirmation" time="6.421"/>
  <system-out/>
  <testcase classname="demo.AutoLogin" name="finish" time="2.170"/>
  <system-out/>
  <testcase classname="demo.AutoLogin" name="Logout" time="2.179"/>
  <system-out/>
</testsuite> <!-- demo.AutoLogin -->
