<?xml version="1.0" encoding="UTF-8"?>
<!-- Generated by org.testng.reporters.JUnitReportReporter -->
<testsuite hostname="revenx-Inspiron-3584" failures="0" tests="1" name="demo.testdemo1" time="28.077" errors="0" timestamp="2024-07-14T11:25:08 IST" skipped="0">
  <testcase classname="demo.testdemo1" name="login" time="28.077"/>
  <system-out>
    <![CDATA[Test]]>
  </system-out>
</testsuite> <!-- demo.testdemo1 -->
