<?xml version="1.0" encoding="UTF-8"?>
<!-- Generated by org.testng.reporters.JUnitReportReporter -->
<testsuite hostname="revenx-Inspiron-3584" failures="0" tests="5" name="demo.testdemo" time="0.023" errors="0" timestamp="2024-07-14T12:09:21 IST" skipped="0">
  <testcase classname="demo.testdemo" name="createUser" time="0.002"/>
  <system-out>
    <![CDATA[Create User:Sunitha]]>
  </system-out>
  <testcase classname="demo.testdemo" name="createUser" time="0.002"/>
  <system-out>
    <![CDATA[Create User:Ambika]]>
  </system-out>
  <testcase classname="demo.testdemo" name="createUser" time="0.015"/>
  <system-out>
    <![CDATA[Create User:Arjun]]>
  </system-out>
  <testcase classname="demo.testdemo" name="createUser" time="0.002"/>
  <system-out>
    <![CDATA[Create User:Chandra]]>
  </system-out>
  <testcase classname="demo.testdemo" name="createUser" time="0.002"/>
  <system-out>
    <![CDATA[Create User:Ravi]]>
  </system-out>
</testsuite> <!-- demo.testdemo -->
